2012-03-21 12:32:16.234 ERROR [o.v.h.s.DeployWebServicesListener] Missing Argument: d
2012-03-21 12:32:16.240 DEBUG [o.v.h.s.DeployWebServicesListener] Stacktrace:
java.lang.IllegalArgumentException: Missing Argument: d
	at org.vivoweb.harvester.util.args.ArgList.<init>(ArgList.java:102) ~[harvester.jar:na]
	at org.vivoweb.harvester.util.args.ArgParser.parse(ArgParser.java:125) ~[harvester.jar:na]
	at org.vivoweb.harvester.util.InitLog.initLogger(InitLog.java:130) ~[harvester.jar:na]
	at org.vivoweb.harvester.soap.DeployWebServicesListener.main(DeployWebServicesListener.java:135) ~[classes/:na]
2012-03-21 12:32:16.243 INFO  [o.v.h.s.DeployWebServicesListener] DeployWebServicesListener: End
2012-03-21 12:33:49.971 ERROR [o.v.h.s.DeployWebServicesListener] Missing Argument: d
2012-03-21 12:33:49.976 DEBUG [o.v.h.s.DeployWebServicesListener] Stacktrace:
java.lang.IllegalArgumentException: Missing Argument: d
	at org.vivoweb.harvester.util.args.ArgList.<init>(ArgList.java:102) ~[harvester.jar:na]
	at org.vivoweb.harvester.util.args.ArgParser.parse(ArgParser.java:125) ~[harvester.jar:na]
	at org.vivoweb.harvester.util.InitLog.initLogger(InitLog.java:130) ~[harvester.jar:na]
	at org.vivoweb.harvester.soap.DeployWebServicesListener.main(DeployWebServicesListener.java:135) ~[classes/:na]
2012-03-21 12:33:49.980 INFO  [o.v.h.s.DeployWebServicesListener] DeployWebServicesListener: End
2012-03-21 12:40:20.064 INFO  [o.v.h.s.DeployWebServicesListener] DeployWebServicesListener: Start
2012-03-21 12:40:23.682 DEBUG [o.v.h.u.a.ArgList] running DeployWebServicesListener
2012-03-21 12:40:23.685 DEBUG [o.v.h.u.a.ArgList] command line args: -d false -c /home/mayank/git/VIVO-Harvester-Soap-Listener1/VIVOHarvesterSoapListener -o /home/mayank/Desktop/data -x /home/mayank/Desktop/schma/Xsd_PERSON.xsd -s WebServicesListener
2012-03-21 12:40:23.928 INFO  [o.v.h.s.DeployWebServicesListener] DeployWebServicesListener: End
2012-03-21 12:41:07.027 INFO  [o.v.h.s.DeployWebServicesListener] DeployWebServicesListener: Start
2012-03-21 12:41:07.030 DEBUG [o.v.h.u.a.ArgList] running DeployWebServicesListener
2012-03-21 12:41:07.032 DEBUG [o.v.h.u.a.ArgList] command line args: -d false -c /home/mayank/git/VIVO-Harvester-Soap-Listener1/VIVOHarvesterSoapListener/jSoapServer.xml -o /home/mayank/Desktop/data -x /home/mayank/Desktop/schma/Xsd_PERSON.xsd -s WebServicesListener
2012-03-21 12:41:07.759 INFO  [o.v.h.s.DeployWebServicesListener] DeployWebServicesListener: End
2012-03-21 12:45:13.044 INFO  [o.v.h.s.DeployWebServicesListener] DeployWebServicesListener: Start
2012-03-21 12:45:13.047 DEBUG [o.v.h.u.a.ArgList] running DeployWebServicesListener
2012-03-21 12:45:13.049 DEBUG [o.v.h.u.a.ArgList] command line args: -d false -c /home/mayank/git/VIVO-Harvester-Soap-Listener1/VIVOHarvesterSoapListener/jSoapServer.xml -o /home/mayank/Desktop/data -x /home/mayank/Desktop/schma/Xsd_PERSON.xsd -s WebServicesListener
2012-03-21 12:45:13.769 INFO  [o.v.h.s.DeployWebServicesListener] DeployWebServicesListener: End
2012-03-21 12:48:43.948 INFO  [o.v.h.s.DeployWebServicesListener] DeployWebServicesListener: Start
2012-03-21 12:48:43.951 DEBUG [o.v.h.u.a.ArgList] running DeployWebServicesListener
2012-03-21 12:48:43.953 DEBUG [o.v.h.u.a.ArgList] command line args: -d false -c /home/mayank/git/VIVO-Harvester-Soap-Listener1/VIVOHarvesterSoapListener/jSoapServer.xml -o /home/mayank/Desktop/data -x /home/mayank/Desktop/schma/Xsd_PERSON.xsd -s WebServicesListener
2012-03-21 12:48:44.509 INFO  [o.v.h.s.DeployWebServicesListener] DeployWebServicesListener: End
2012-03-21 12:49:52.183 INFO  [o.v.h.s.DeployWebServicesListener] DeployWebServicesListener: Start
2012-03-21 12:49:52.828 DEBUG [o.v.h.u.a.ArgList] running DeployWebServicesListener
2012-03-21 12:49:52.838 DEBUG [o.v.h.u.a.ArgList] command line args: -d false -c /home/mayank/git/VIVO-Harvester-Soap-Listener1/VIVOHarvesterSoapListener/jSoapServer.xml -o /home/mayank/Desktop/data -x /home/mayank/Desktop/schma/Xsd_PERSON.xsd -s WebServicesListener
2012-03-21 12:49:55.978 INFO  [o.v.h.s.DeployWebServicesListener] DeployWebServicesListener: End
2012-03-21 12:50:53.340 INFO  [o.v.h.s.DeployWebServicesListener] DeployWebServicesListener: Start
2012-03-21 12:50:53.347 DEBUG [o.v.h.u.a.ArgList] running DeployWebServicesListener
2012-03-21 12:50:53.349 DEBUG [o.v.h.u.a.ArgList] command line args: -d false -c /home/mayank/git/VIVO-Harvester-Soap-Listener1/VIVOHarvesterSoapListener/jSoapServer.xml -o /home/mayank/Desktop/data -x /home/mayank/Desktop/schma/Xsd_PERSON.xsd -s WebServicesListener
2012-03-21 12:50:53.905 INFO  [o.v.h.s.DeployWebServicesListener] DeployWebServicesListener: End
2012-03-21 12:51:09.428 INFO  [o.v.h.s.DeployWebServicesListener] DeployWebServicesListener: Start
2012-03-21 12:51:09.431 DEBUG [o.v.h.u.a.ArgList] running DeployWebServicesListener
2012-03-21 12:51:09.434 DEBUG [o.v.h.u.a.ArgList] command line args: -d false -c /home/mayank/git/VIVO-Harvester-Soap-Listener1/VIVOHarvesterSoapListener/jSoapServer.xml -o /home/mayank/Desktop/data -x /home/mayank/Desktop/schma/Xsd_PERSON.xsd -s WebServicesListener
2012-03-21 12:51:10.213 INFO  [o.v.h.s.DeployWebServicesListener] DeployWebServicesListener: End
2012-03-21 12:52:05.386 INFO  [o.v.h.s.DeployWebServicesListener] DeployWebServicesListener: Start
2012-03-21 12:52:05.391 DEBUG [o.v.h.u.a.ArgList] running DeployWebServicesListener
2012-03-21 12:52:05.393 DEBUG [o.v.h.u.a.ArgList] command line args: -d false -c /home/mayank/git/VIVO-Harvester-Soap-Listener1/VIVOHarvesterSoapListener/jSoapServer.xml -o /home/mayank/Desktop/data -x /home/mayank/Desktop/schma/Xsd_PERSON.xsd -s WebServicesListener
2012-03-21 12:52:06.124 INFO  [o.v.h.s.DeployWebServicesListener] DeployWebServicesListener: End
2012-03-21 12:52:29.718 INFO  [o.v.h.s.DeployWebServicesListener] DeployWebServicesListener: Start
2012-03-21 12:52:29.722 DEBUG [o.v.h.u.a.ArgList] running DeployWebServicesListener
2012-03-21 12:52:29.724 DEBUG [o.v.h.u.a.ArgList] command line args: -d false -c /home/mayank/git/VIVO-Harvester-Soap-Listener1/VIVOHarvesterSoapListener/jSoapServer.xml -o /home/mayank/Desktop/data -x /home/mayank/Desktop/schma/Xsd_PERSON.xsd -s WebServicesListener
2012-03-21 12:52:30.564 INFO  [o.v.h.s.DeployWebServicesListener] DeployWebServicesListener: End
2012-03-21 12:54:12.878 INFO  [o.v.h.s.DeployWebServicesListener] DeployWebServicesListener: Start
2012-03-21 12:54:12.881 DEBUG [o.v.h.u.a.ArgList] running DeployWebServicesListener
2012-03-21 12:54:12.884 DEBUG [o.v.h.u.a.ArgList] command line args: -d false -c /home/mayank/git/VIVO-Harvester-Soap-Listener1/VIVOHarvesterSoapListener/jSoapServer.xml -o /home/mayank/Desktop/data -x /home/mayank/Desktop/schma/Xsd_PERSON.xsd -s WebServicesListener
2012-03-21 12:54:13.576 INFO  [o.v.h.s.DeployWebServicesListener] DeployWebServicesListener: End
2012-03-21 13:10:18.095 INFO  [o.v.h.s.DeployWebServicesListener] DeployWebServicesListener: Start
2012-03-21 13:10:18.108 DEBUG [o.v.h.u.a.ArgList] running DeployWebServicesListener
2012-03-21 13:10:18.110 DEBUG [o.v.h.u.a.ArgList] command line args: -d false -c /home/mayank/git/VIVO-Harvester-Soap-Listener1/VIVOHarvesterSoapListener/jSoapServer.xml -o /home/mayank/Desktop/data -x /home/mayank/Desktop/schma/Xsd_PERSON.xsd -s WebServicesListener
2012-03-21 13:10:18.805 INFO  [o.v.h.s.DeployWebServicesListener] DeployWebServicesListener: End
2012-03-21 13:13:51.085 INFO  [o.v.h.s.DeployWebServicesListener] DeployWebServicesListener: Start
2012-03-21 13:13:51.088 DEBUG [o.v.h.u.a.ArgList] running DeployWebServicesListener
2012-03-21 13:13:51.090 DEBUG [o.v.h.u.a.ArgList] command line args: -d false -c /home/mayank/git/VIVO-Harvester-Soap-Listener1/VIVOHarvesterSoapListener/jSoapServer.xml -o /home/mayank/Desktop/newdata -x /home/mayank/Desktop/newschema/Xsd_PERSON.xsd -s WebServicesListener
2012-03-21 13:13:51.763 INFO  [o.v.h.s.DeployWebServicesListener] DeployWebServicesListener: End
2012-03-21 13:16:26.364 INFO  [o.v.h.s.DeployWebServicesListener] DeployWebServicesListener: Start
2012-03-21 13:16:26.368 DEBUG [o.v.h.u.a.ArgList] running DeployWebServicesListener
2012-03-21 13:16:26.370 DEBUG [o.v.h.u.a.ArgList] command line args: -d false -c /home/mayank/git/VIVO-Harvester-Soap-Listener1/VIVOHarvesterSoapListener/jSoapServer.xml -o /home/mayank/Desktop/newdata -x /home/mayank/Desktop/newschema/Xsd_PERSON.xsd -s WebServicesListener
2012-03-21 13:16:27.019 INFO  [o.v.h.s.DeployWebServicesListener] DeployWebServicesListener: End
2012-03-21 13:29:40.236 INFO  [o.v.h.s.DeployWebServicesListener] DeployWebServicesListener: Start
2012-03-21 13:29:40.238 DEBUG [o.v.h.u.a.ArgList] running DeployWebServicesListener
2012-03-21 13:29:40.240 DEBUG [o.v.h.u.a.ArgList] command line args: -d false -c /home/mayank/git/VIVO-Harvester-Soap-Listener1/VIVOHarvesterSoapListener/jSoapServer.xml -o /home/mayank/Desktop/newdata -x /home/mayank/Desktop/newschema/Xsd_PERSON.xsd -s WebServicesListener
2012-03-21 13:29:40.831 INFO  [o.v.h.s.DeployWebServicesListener] DeployWebServicesListener: End
2012-03-21 13:37:04.842 INFO  [o.v.h.s.DeployWebServicesListener] DeployWebServicesListener: Start
2012-03-21 13:37:04.849 DEBUG [o.v.h.u.a.ArgList] running DeployWebServicesListener
2012-03-21 13:37:04.851 DEBUG [o.v.h.u.a.ArgList] command line args: -d false -c /home/mayank/git/VIVO-Harvester-Soap-Listener1/VIVOHarvesterSoapListener/jSoapServer.xml -o /home/mayank/Desktop/newdata -x /home/mayank/Desktop/newschema/Xsd_PERSON.xsd -s WebServicesListener
2012-03-21 13:37:05.446 INFO  [o.v.h.s.DeployWebServicesListener] DeployWebServicesListener: End
2012-03-21 13:55:42.712 INFO  [o.v.h.s.DeployWebServicesListener] DeployWebServicesListener: Start
2012-03-21 13:55:42.715 DEBUG [o.v.h.u.a.ArgList] running DeployWebServicesListener
2012-03-21 13:55:42.717 DEBUG [o.v.h.u.a.ArgList] command line args: -d false -c /home/mayank/git/VIVO-Harvester-Soap-Listener1/VIVOHarvesterSoapListener/jSoapServer.xml -o /home/mayank/Desktop/newdata -x /home/mayank/Desktop/newschema/Xsd_PERSON.xsd -s WebServicesListener
2012-03-21 13:55:43.296 INFO  [o.v.h.s.DeployWebServicesListener] DeployWebServicesListener: End
2012-03-21 13:56:29.146 INFO  [o.v.h.s.DeployWebServicesListener] DeployWebServicesListener: Start
2012-03-21 13:56:29.149 DEBUG [o.v.h.u.a.ArgList] running DeployWebServicesListener
2012-03-21 13:56:29.150 DEBUG [o.v.h.u.a.ArgList] command line args: -d false -c /home/mayank/git/VIVO-Harvester-Soap-Listener1/VIVOHarvesterSoapListener/jSoapServer.xml -o /home/mayank/Desktop/newdata -x /home/mayank/Desktop/newschema/Xsd_PERSON.xsd -s WebServicesListener
2012-03-21 13:56:29.716 INFO  [o.v.h.s.DeployWebServicesListener] DeployWebServicesListener: End
2012-03-21 15:13:48.296 INFO  [o.v.h.s.DeployWebServicesListener] DeployWebServicesListener: Start
2012-03-21 15:13:48.299 DEBUG [o.v.h.u.a.ArgList] running DeployWebServicesListener
2012-03-21 15:13:48.302 DEBUG [o.v.h.u.a.ArgList] command line args: -d false -c /home/mayank/git/VIVO-Harvester-Soap-Listener1/VIVOHarvesterSoapListener/jSoapServer.xml -o /home/mayank/Desktop/newdata -x /home/mayank/Desktop/newschema/Xsd_PERSON.xsd -s WebServicesListener
2012-03-21 15:13:48.541 INFO  [o.v.h.s.DeployWebServicesListener] DeployWebServicesListener: End
2012-03-21 15:14:19.403 INFO  [o.v.h.s.DeployWebServicesListener] DeployWebServicesListener: Start
2012-03-21 15:14:19.406 DEBUG [o.v.h.u.a.ArgList] running DeployWebServicesListener
2012-03-21 15:14:19.408 DEBUG [o.v.h.u.a.ArgList] command line args: -d false -c /home/mayank/git/VIVO-Harvester-Soap-Listener3/VIVOHarvesterSoapListener/jSoapServer.xml -o /home/mayank/Desktop/newdata -x /home/mayank/Desktop/newschema/Xsd_PERSON.xsd -s WebServicesListener
2012-03-21 15:14:19.978 INFO  [o.v.h.s.DeployWebServicesListener] DeployWebServicesListener: End
